<?xml version="1.0" encoding="UTF-8"?>
<!-- Generated by org.testng.reporters.JUnitReportReporter -->
<testsuite hostname="Satheshs-MacBook-Pro.local" failures="0" tests="1" name="org.appium.android.testcase.LongPress_TC" time="1.008" errors="0" timestamp="2024-08-17T12:25:45 IST" skipped="0">
  <testcase classname="org.appium.android.testcase.LongPress_TC" name="longPress_Testcase" time="1.008"/>
  <system-out/>
</testsuite> <!-- org.appium.android.testcase.LongPress_TC -->
