<?xml version="1.0" encoding="UTF-8"?>
<!-- Generated by org.testng.reporters.JUnitReportReporter -->
<testsuite hostname="Satheshs-MacBook-Pro.local" failures="0" tests="1" name="org.appium.testcase.LongPress_TC" time="1.015" errors="0" timestamp="2024-08-17T10:50:32 IST" skipped="0">
  <testcase classname="org.appium.testcase.LongPress_TC" name="longPress_Testcase" time="1.015"/>
  <system-out/>
</testsuite> <!-- org.appium.testcase.LongPress_TC -->
