<?xml version="1.0" encoding="UTF-8"?>
<!-- Generated by org.testng.reporters.JUnitReportReporter -->
<testsuite hostname="Satheshs-MacBook-Pro.local" failures="0" tests="1" name="org.appium.ios.testcase.CaptureAlertMessage_TC" time="6.794" errors="0" timestamp="2024-08-17T12:25:45 IST" skipped="0">
  <testcase classname="org.appium.ios.testcase.CaptureAlertMessage_TC" name="captureAlert_Testcase" time="6.794"/>
  <system-out/>
</testsuite> <!-- org.appium.ios.testcase.CaptureAlertMessage_TC -->
